[17-Jan-2019 19:54:16 UTC] PHP Notice:  Trying to get property of non-object in /Users/saskia/Documents/repos/websites/va79-buddy-test/app/themes/vanaf1979/functions/va79/va79-theme-class.php on line 148
[17-Jan-2019 19:54:16 UTC] PHP Notice:  Trying to get property of non-object in /Users/saskia/Documents/repos/websites/va79-buddy-test/app/themes/vanaf1979/functions/va79/va79-theme-class.php on line 148
[17-Jan-2019 19:58:48 UTC] PHP Notice:  Trying to get property of non-object in /Users/saskia/Documents/repos/websites/va79-buddy-test/app/themes/vanaf1979/functions/va79/va79-theme-class.php on line 148
[17-Jan-2019 19:58:48 UTC] PHP Notice:  Trying to get property of non-object in /Users/saskia/Documents/repos/websites/va79-buddy-test/app/themes/vanaf1979/functions/va79/va79-theme-class.php on line 148
[17-Jan-2019 20:04:50 UTC] PHP Notice:  Trying to get property of non-object in /Users/saskia/Documents/repos/websites/va79-buddy-test/app/themes/vanaf1979/functions/va79/va79-theme-class.php on line 148
[17-Jan-2019 20:04:50 UTC] PHP Notice:  Trying to get property of non-object in /Users/saskia/Documents/repos/websites/va79-buddy-test/app/themes/vanaf1979/functions/va79/va79-theme-class.php on line 148
[17-Jan-2019 20:05:02 UTC] PHP Notice:  Trying to get property of non-object in /Users/saskia/Documents/repos/websites/va79-buddy-test/app/themes/vanaf1979/functions/va79/va79-theme-class.php on line 148
[17-Jan-2019 20:07:16 UTC] PHP Notice:  Trying to get property of non-object in /Users/saskia/Documents/repos/websites/va79-buddy-test/app/themes/vanaf1979/functions/va79/va79-theme-class.php on line 148
[17-Jan-2019 20:07:16 UTC] PHP Notice:  Trying to get property of non-object in /Users/saskia/Documents/repos/websites/va79-buddy-test/app/themes/vanaf1979/functions/va79/va79-theme-class.php on line 148
[17-Jan-2019 20:10:54 UTC] PHP Notice:  Trying to get property of non-object in /Users/saskia/Documents/repos/websites/va79-buddy-test/app/themes/vanaf1979/functions/va79/va79-theme-class.php on line 148
[17-Jan-2019 20:10:54 UTC] PHP Notice:  Trying to get property of non-object in /Users/saskia/Documents/repos/websites/va79-buddy-test/app/themes/vanaf1979/functions/va79/va79-theme-class.php on line 148
[17-Jan-2019 20:10:54 UTC] PHP Notice:  Trying to get property of non-object in /Users/saskia/Documents/repos/websites/va79-buddy-test/app/themes/vanaf1979/functions/va79/va79-theme-class.php on line 148
[17-Jan-2019 20:10:54 UTC] PHP Notice:  Trying to get property of non-object in /Users/saskia/Documents/repos/websites/va79-buddy-test/app/themes/vanaf1979/functions/va79/va79-theme-class.php on line 148
[17-Jan-2019 20:11:06 UTC] PHP Notice:  Trying to get property of non-object in /Users/saskia/Documents/repos/websites/va79-buddy-test/app/themes/vanaf1979/functions/va79/va79-theme-class.php on line 148
[17-Jan-2019 20:11:06 UTC] PHP Notice:  Trying to get property of non-object in /Users/saskia/Documents/repos/websites/va79-buddy-test/app/themes/vanaf1979/functions/va79/va79-theme-class.php on line 148
[17-Jan-2019 20:11:07 UTC] PHP Notice:  Trying to get property of non-object in /Users/saskia/Documents/repos/websites/va79-buddy-test/app/themes/vanaf1979/functions/va79/va79-theme-class.php on line 148
[17-Jan-2019 20:11:07 UTC] PHP Notice:  Trying to get property of non-object in /Users/saskia/Documents/repos/websites/va79-buddy-test/app/themes/vanaf1979/functions/va79/va79-theme-class.php on line 148
[17-Jan-2019 20:18:11 UTC] PHP Notice:  Trying to get property of non-object in /Users/saskia/Documents/repos/websites/va79-buddy-test/app/themes/vanaf1979/functions/va79/va79-theme-class.php on line 148
[17-Jan-2019 20:18:12 UTC] PHP Notice:  Trying to get property of non-object in /Users/saskia/Documents/repos/websites/va79-buddy-test/app/themes/vanaf1979/functions/va79/va79-theme-class.php on line 148
[17-Jan-2019 20:18:17 UTC] PHP Notice:  Trying to get property of non-object in /Users/saskia/Documents/repos/websites/va79-buddy-test/app/themes/vanaf1979/functions/va79/va79-theme-class.php on line 148
[07-Feb-2019 10:51:13 UTC] PHP Warning:  require_once(/Users/saskia/Documents/repos/websites/va79-website/app/themes/vanaf1979/_functions/class-functions.php.php): failed to open stream: No such file or directory in /Users/saskia/Documents/repos/websites/va79-website/app/themes/vanaf1979/functions.php on line 17
[07-Feb-2019 10:51:13 UTC] PHP Fatal error:  require_once(): Failed opening required '/Users/saskia/Documents/repos/websites/va79-website/app/themes/vanaf1979/_functions/class-functions.php.php' (include_path='.:/usr/local/Cellar/php@7.1/7.1.25/share/php@7.1/pear') in /Users/saskia/Documents/repos/websites/va79-website/app/themes/vanaf1979/functions.php on line 17
[07-Feb-2019 10:51:26 UTC] PHP Warning:  require_once(/Users/saskia/Documents/repos/websites/va79-website/app/themes/vanaf1979/includes/class-functions-loader.php): failed to open stream: No such file or directory in /Users/saskia/Documents/repos/websites/va79-website/app/themes/vanaf1979/_functions/class-functions.php on line 33
[07-Feb-2019 10:51:26 UTC] PHP Fatal error:  require_once(): Failed opening required '/Users/saskia/Documents/repos/websites/va79-website/app/themes/vanaf1979/includes/class-functions-loader.php' (include_path='.:/usr/local/Cellar/php@7.1/7.1.25/share/php@7.1/pear') in /Users/saskia/Documents/repos/websites/va79-website/app/themes/vanaf1979/_functions/class-functions.php on line 33
[07-Feb-2019 10:52:45 UTC] PHP Warning:  require_once(/Users/saskia/Documents/repos/websites/va79-website/app/themes/vanaf1979_functions/includes/class-functions-loader.php): failed to open stream: No such file or directory in /Users/saskia/Documents/repos/websites/va79-website/app/themes/vanaf1979/_functions/class-functions.php on line 34
[07-Feb-2019 10:52:45 UTC] PHP Fatal error:  require_once(): Failed opening required '/Users/saskia/Documents/repos/websites/va79-website/app/themes/vanaf1979_functions/includes/class-functions-loader.php' (include_path='.:/usr/local/Cellar/php@7.1/7.1.25/share/php@7.1/pear') in /Users/saskia/Documents/repos/websites/va79-website/app/themes/vanaf1979/_functions/class-functions.php on line 34
